<?xml version="1.0" encoding="UTF-8"?>
<!-- Generated by org.testng.reporters.JUnitReportReporter -->
<testsuite hostname="vardhan-PC" failures="0" tests="1" name="VGmal.SLoginOut" time="38.909" errors="0" timestamp="14 Jul 2018 16:28:47 GMT">
  <testcase classname="VGmal.SLoginOut" name="main" time="38.909"/>
</testsuite> <!-- VGmal.SLoginOut -->
