<?xml version="1.0" encoding="UTF-8"?>
<!-- Generated by org.testng.reporters.JUnitReportReporter -->
<testsuite hostname="vardhan-PC" failures="0" tests="1" name="VGmal.SendEmail" time="37.680" errors="0" timestamp="17 Jul 2018 13:04:34 GMT">
  <testcase classname="VGmal.SendEmail" name="SendAnEmail" time="37.680"/>
</testsuite> <!-- VGmal.SendEmail -->
