<?xml version="1.0" encoding="UTF-8"?>
<!-- Generated by org.testng.reporters.JUnitReportReporter -->
<testsuite hostname="vardhan-PC" failures="0" tests="1" name="VGmal.Run" time="34.081" errors="0" timestamp="17 Jul 2018 11:49:48 GMT">
  <testcase classname="VGmal.Run" name="RunTest" time="34.081"/>
</testsuite> <!-- VGmal.Run -->
