<?xml version="1.0" encoding="UTF-8"?>
<!-- Generated by org.testng.reporters.JUnitReportReporter -->
<testsuite hostname="vardhan-PC" failures="0" tests="1" name="VGmal.LoginLogOutOfGmail" time="38.235" errors="0" timestamp="17 Jul 2018 13:04:34 GMT">
  <testcase classname="VGmal.LoginLogOutOfGmail" name="GmailLoginLogOut" time="38.235"/>
</testsuite> <!-- VGmal.LoginLogOutOfGmail -->
